<?xml version="1.0" encoding="UTF-8"?>
<!-- Generated by org.testng.reporters.JUnitReportReporter -->
<testsuite hostname="ISCHLAPHP20437" failures="0" tests="3" name="com.crm.qa.testcases.NewContactsPageTest" time="80.448" errors="0" timestamp="2022-12-15T14:31:14 IST" skipped="0">
  <testcase classname="com.crm.qa.testcases.NewContactsPageTest" name="validateCreateNewContact" time="21.365"/>
  <system-out/>
  <testcase classname="com.crm.qa.testcases.NewContactsPageTest" name="validateCreateNewContact" time="29.099"/>
  <system-out/>
  <testcase classname="com.crm.qa.testcases.NewContactsPageTest" name="validateCreateNewContact" time="29.984"/>
  <system-out/>
</testsuite> <!-- com.crm.qa.testcases.NewContactsPageTest -->
