<?xml version="1.0" encoding="UTF-8"?>
<!-- Generated by org.testng.reporters.JUnitReportReporter -->
<testsuite hostname="ISCHLAPHP20437" failures="0" tests="3" name="com.crm.qa.testcases.LoginPageTest" time="80.320" errors="0" timestamp="2022-12-15T14:31:14 IST" skipped="0">
  <testcase classname="com.crm.qa.testcases.LoginPageTest" name="loginPageTitleTest" time="14.742"/>
  <system-out/>
  <testcase classname="com.crm.qa.testcases.LoginPageTest" name="crmLogoImageTest" time="36.535"/>
  <system-out/>
  <testcase classname="com.crm.qa.testcases.LoginPageTest" name="loginTest" time="29.043"/>
  <system-out/>
</testsuite> <!-- com.crm.qa.testcases.LoginPageTest -->
